[07-Feb-2020 17:01:33 Europe/Berlin] PHP Warning:  count(): Parameter must be an array or an object that implements Countable in C:\xampp\htdocs\rezervacije\index.php on line 56
[08-Feb-2020 21:55:36 Europe/Berlin] PHP Warning:  count(): Parameter must be an array or an object that implements Countable in C:\xampp\htdocs\rezervacije\index.php on line 56
[08-Feb-2020 21:58:02 Europe/Berlin] PHP Warning:  count(): Parameter must be an array or an object that implements Countable in C:\xampp\htdocs\rezervacije\index.php on line 56
[09-Nov-2020 13:47:04 Europe/Berlin] PHP Warning:  count(): Parameter must be an array or an object that implements Countable in C:\xampp\htdocs\rezervacije\index.php on line 56
[09-Nov-2020 13:48:37 Europe/Berlin] PHP Warning:  count(): Parameter must be an array or an object that implements Countable in C:\xampp\htdocs\rezervacije\index.php on line 56
[09-Nov-2020 13:48:55 Europe/Berlin] PHP Warning:  count(): Parameter must be an array or an object that implements Countable in C:\xampp\htdocs\rezervacije\index.php on line 56
[09-Nov-2020 13:51:15 Europe/Berlin] PHP Warning:  count(): Parameter must be an array or an object that implements Countable in C:\xampp\htdocs\rezervacije\index.php on line 56
[09-Nov-2020 13:51:22 Europe/Berlin] PHP Warning:  count(): Parameter must be an array or an object that implements Countable in C:\xampp\htdocs\rezervacije\index.php on line 56
[09-Nov-2020 13:51:32 Europe/Berlin] PHP Warning:  count(): Parameter must be an array or an object that implements Countable in C:\xampp\htdocs\rezervacije\index.php on line 56
[09-Nov-2020 13:51:43 Europe/Berlin] PHP Warning:  count(): Parameter must be an array or an object that implements Countable in C:\xampp\htdocs\rezervacije\index.php on line 56
[09-Nov-2020 13:51:46 Europe/Berlin] PHP Warning:  count(): Parameter must be an array or an object that implements Countable in C:\xampp\htdocs\rezervacije\index.php on line 56
[09-Nov-2020 13:51:50 Europe/Berlin] PHP Warning:  count(): Parameter must be an array or an object that implements Countable in C:\xampp\htdocs\rezervacije\index.php on line 56
[09-Nov-2020 13:52:08 Europe/Berlin] PHP Warning:  count(): Parameter must be an array or an object that implements Countable in C:\xampp\htdocs\rezervacije\index.php on line 56
[09-Nov-2020 13:52:11 Europe/Berlin] PHP Warning:  count(): Parameter must be an array or an object that implements Countable in C:\xampp\htdocs\rezervacije\index.php on line 56
[09-Nov-2020 13:52:16 Europe/Berlin] PHP Warning:  count(): Parameter must be an array or an object that implements Countable in C:\xampp\htdocs\rezervacije\index.php on line 56
[09-Nov-2020 13:52:44 Europe/Berlin] PHP Warning:  count(): Parameter must be an array or an object that implements Countable in C:\xampp\htdocs\rezervacije\index.php on line 56
[09-Nov-2020 13:52:49 Europe/Berlin] PHP Warning:  count(): Parameter must be an array or an object that implements Countable in C:\xampp\htdocs\rezervacije\index.php on line 56
[09-Nov-2020 13:52:53 Europe/Berlin] PHP Warning:  count(): Parameter must be an array or an object that implements Countable in C:\xampp\htdocs\rezervacije\index.php on line 56
[09-Nov-2020 13:53:35 Europe/Berlin] PHP Warning:  count(): Parameter must be an array or an object that implements Countable in C:\xampp\htdocs\rezervacije\index.php on line 56
[09-Nov-2020 13:53:41 Europe/Berlin] PHP Warning:  count(): Parameter must be an array or an object that implements Countable in C:\xampp\htdocs\rezervacije\index.php on line 56
[09-Nov-2020 14:00:22 Europe/Berlin] PHP Warning:  count(): Parameter must be an array or an object that implements Countable in C:\xampp\htdocs\rezervacije\index.php on line 56
[09-Nov-2020 14:00:24 Europe/Berlin] PHP Warning:  count(): Parameter must be an array or an object that implements Countable in C:\xampp\htdocs\rezervacije\index.php on line 56
[09-Nov-2020 14:00:26 Europe/Berlin] PHP Warning:  count(): Parameter must be an array or an object that implements Countable in C:\xampp\htdocs\rezervacije\index.php on line 56
[09-Nov-2020 14:01:23 Europe/Berlin] PHP Warning:  count(): Parameter must be an array or an object that implements Countable in C:\xampp\htdocs\rezervacije\index.php on line 56
[09-Nov-2020 14:01:25 Europe/Berlin] PHP Warning:  count(): Parameter must be an array or an object that implements Countable in C:\xampp\htdocs\rezervacije\index.php on line 56
[09-Nov-2020 14:01:29 Europe/Berlin] PHP Warning:  count(): Parameter must be an array or an object that implements Countable in C:\xampp\htdocs\rezervacije\index.php on line 56
[09-Nov-2020 14:02:01 Europe/Berlin] PHP Warning:  count(): Parameter must be an array or an object that implements Countable in C:\xampp\htdocs\rezervacije\index.php on line 56
[09-Nov-2020 14:02:13 Europe/Berlin] PHP Warning:  count(): Parameter must be an array or an object that implements Countable in C:\xampp\htdocs\rezervacije\index.php on line 56
[09-Nov-2020 14:02:14 Europe/Berlin] PHP Warning:  count(): Parameter must be an array or an object that implements Countable in C:\xampp\htdocs\rezervacije\index.php on line 56
[09-Nov-2020 14:02:16 Europe/Berlin] PHP Warning:  count(): Parameter must be an array or an object that implements Countable in C:\xampp\htdocs\rezervacije\index.php on line 56
[09-Nov-2020 14:02:21 Europe/Berlin] PHP Warning:  count(): Parameter must be an array or an object that implements Countable in C:\xampp\htdocs\rezervacije\index.php on line 56
[09-Nov-2020 14:02:32 Europe/Berlin] PHP Warning:  count(): Parameter must be an array or an object that implements Countable in C:\xampp\htdocs\rezervacije\index.php on line 56
[09-Nov-2020 14:02:49 Europe/Berlin] PHP Warning:  count(): Parameter must be an array or an object that implements Countable in C:\xampp\htdocs\rezervacije\index.php on line 56
[09-Nov-2020 14:02:50 Europe/Berlin] PHP Warning:  count(): Parameter must be an array or an object that implements Countable in C:\xampp\htdocs\rezervacije\index.php on line 56
[09-Nov-2020 14:02:54 Europe/Berlin] PHP Warning:  count(): Parameter must be an array or an object that implements Countable in C:\xampp\htdocs\rezervacije\index.php on line 56
[09-Nov-2020 14:03:14 Europe/Berlin] PHP Warning:  count(): Parameter must be an array or an object that implements Countable in C:\xampp\htdocs\rezervacije\index.php on line 56
[09-Nov-2020 14:04:00 Europe/Berlin] PHP Warning:  count(): Parameter must be an array or an object that implements Countable in C:\xampp\htdocs\rezervacije\index.php on line 56
[09-Nov-2020 14:06:35 Europe/Berlin] PHP Warning:  count(): Parameter must be an array or an object that implements Countable in C:\xampp\htdocs\rezervacije\index.php on line 56
[09-Nov-2020 14:06:37 Europe/Berlin] PHP Warning:  count(): Parameter must be an array or an object that implements Countable in C:\xampp\htdocs\rezervacije\index.php on line 56
[09-Nov-2020 14:06:38 Europe/Berlin] PHP Warning:  count(): Parameter must be an array or an object that implements Countable in C:\xampp\htdocs\rezervacije\index.php on line 56
[09-Nov-2020 14:06:39 Europe/Berlin] PHP Warning:  count(): Parameter must be an array or an object that implements Countable in C:\xampp\htdocs\rezervacije\index.php on line 56
[09-Nov-2020 14:06:40 Europe/Berlin] PHP Warning:  count(): Parameter must be an array or an object that implements Countable in C:\xampp\htdocs\rezervacije\index.php on line 56
[09-Nov-2020 14:14:33 Europe/Berlin] PHP Warning:  count(): Parameter must be an array or an object that implements Countable in C:\xampp\htdocs\rezervacije\index.php on line 56
[09-Nov-2020 14:18:41 Europe/Berlin] PHP Warning:  count(): Parameter must be an array or an object that implements Countable in C:\xampp\htdocs\rezervacije\index.php on line 56
[09-Nov-2020 14:19:01 Europe/Berlin] PHP Warning:  count(): Parameter must be an array or an object that implements Countable in C:\xampp\htdocs\rezervacije\index.php on line 56
[09-Nov-2020 14:20:25 Europe/Berlin] PHP Warning:  count(): Parameter must be an array or an object that implements Countable in C:\xampp\htdocs\rezervacije\index.php on line 56
[09-Nov-2020 14:21:26 Europe/Berlin] PHP Warning:  count(): Parameter must be an array or an object that implements Countable in C:\xampp\htdocs\rezervacije\index.php on line 56
[09-Nov-2020 14:27:55 Europe/Berlin] PHP Warning:  count(): Parameter must be an array or an object that implements Countable in C:\xampp\htdocs\rezervacije\index.php on line 56
[09-Nov-2020 14:28:43 Europe/Berlin] PHP Warning:  count(): Parameter must be an array or an object that implements Countable in C:\xampp\htdocs\rezervacije\index.php on line 56
[09-Nov-2020 14:28:46 Europe/Berlin] PHP Warning:  count(): Parameter must be an array or an object that implements Countable in C:\xampp\htdocs\rezervacije\index.php on line 56
[09-Nov-2020 14:29:24 Europe/Berlin] PHP Warning:  count(): Parameter must be an array or an object that implements Countable in C:\xampp\htdocs\rezervacije\index.php on line 56
[09-Nov-2020 14:29:34 Europe/Berlin] PHP Warning:  count(): Parameter must be an array or an object that implements Countable in C:\xampp\htdocs\rezervacije\index.php on line 56
[09-Nov-2020 14:30:23 Europe/Berlin] PHP Warning:  count(): Parameter must be an array or an object that implements Countable in C:\xampp\htdocs\rezervacije\index.php on line 56
[09-Nov-2020 14:30:31 Europe/Berlin] PHP Warning:  count(): Parameter must be an array or an object that implements Countable in C:\xampp\htdocs\rezervacije\index.php on line 56
[09-Nov-2020 14:30:45 Europe/Berlin] PHP Warning:  count(): Parameter must be an array or an object that implements Countable in C:\xampp\htdocs\rezervacije\index.php on line 56
[09-Nov-2020 14:31:24 Europe/Berlin] PHP Warning:  count(): Parameter must be an array or an object that implements Countable in C:\xampp\htdocs\rezervacije\index.php on line 56
[09-Nov-2020 14:32:08 Europe/Berlin] PHP Warning:  count(): Parameter must be an array or an object that implements Countable in C:\xampp\htdocs\rezervacije\index.php on line 56
[09-Nov-2020 14:35:31 Europe/Berlin] PHP Warning:  count(): Parameter must be an array or an object that implements Countable in C:\xampp\htdocs\rezervacije\index.php on line 56
[09-Nov-2020 14:35:59 Europe/Berlin] PHP Warning:  count(): Parameter must be an array or an object that implements Countable in C:\xampp\htdocs\rezervacije\index.php on line 56
[09-Nov-2020 14:43:14 Europe/Berlin] PHP Warning:  count(): Parameter must be an array or an object that implements Countable in C:\xampp\htdocs\rezervacije\index.php on line 56
[09-Nov-2020 14:45:15 Europe/Berlin] PHP Warning:  count(): Parameter must be an array or an object that implements Countable in C:\xampp\htdocs\rezervacije\index.php on line 56
[09-Nov-2020 14:45:30 Europe/Berlin] PHP Warning:  count(): Parameter must be an array or an object that implements Countable in C:\xampp\htdocs\rezervacije\index.php on line 56
[09-Nov-2020 14:46:05 Europe/Berlin] PHP Warning:  count(): Parameter must be an array or an object that implements Countable in C:\xampp\htdocs\rezervacije\index.php on line 56
[09-Nov-2020 14:48:08 Europe/Berlin] PHP Warning:  count(): Parameter must be an array or an object that implements Countable in C:\xampp\htdocs\rezervacije\index.php on line 56
[09-Nov-2020 14:49:24 Europe/Berlin] PHP Warning:  count(): Parameter must be an array or an object that implements Countable in C:\xampp\htdocs\rezervacije\index.php on line 56
[09-Nov-2020 14:49:44 Europe/Berlin] PHP Warning:  count(): Parameter must be an array or an object that implements Countable in C:\xampp\htdocs\rezervacije\index.php on line 56
[09-Nov-2020 14:50:25 Europe/Berlin] PHP Warning:  count(): Parameter must be an array or an object that implements Countable in C:\xampp\htdocs\rezervacije\index.php on line 56
[09-Nov-2020 14:51:19 Europe/Berlin] PHP Warning:  count(): Parameter must be an array or an object that implements Countable in C:\xampp\htdocs\rezervacije\index.php on line 56
[09-Nov-2020 14:51:36 Europe/Berlin] PHP Warning:  count(): Parameter must be an array or an object that implements Countable in C:\xampp\htdocs\rezervacije\index.php on line 56
[09-Nov-2020 14:54:15 Europe/Berlin] PHP Warning:  count(): Parameter must be an array or an object that implements Countable in C:\xampp\htdocs\rezervacije\index.php on line 56
[09-Nov-2020 14:54:32 Europe/Berlin] PHP Warning:  count(): Parameter must be an array or an object that implements Countable in C:\xampp\htdocs\rezervacije\index.php on line 56
[09-Nov-2020 14:55:01 Europe/Berlin] PHP Warning:  count(): Parameter must be an array or an object that implements Countable in C:\xampp\htdocs\rezervacije\index.php on line 56
[09-Nov-2020 14:56:20 Europe/Berlin] PHP Warning:  count(): Parameter must be an array or an object that implements Countable in C:\xampp\htdocs\rezervacije\index.php on line 56
[09-Nov-2020 14:57:29 Europe/Berlin] PHP Warning:  count(): Parameter must be an array or an object that implements Countable in C:\xampp\htdocs\rezervacije\index.php on line 56
[09-Nov-2020 14:58:17 Europe/Berlin] PHP Warning:  count(): Parameter must be an array or an object that implements Countable in C:\xampp\htdocs\rezervacije\index.php on line 56
[09-Nov-2020 14:58:50 Europe/Berlin] PHP Warning:  count(): Parameter must be an array or an object that implements Countable in C:\xampp\htdocs\rezervacije\index.php on line 56
[09-Nov-2020 14:59:03 Europe/Berlin] PHP Warning:  count(): Parameter must be an array or an object that implements Countable in C:\xampp\htdocs\rezervacije\index.php on line 56
[09-Nov-2020 14:59:17 Europe/Berlin] PHP Warning:  count(): Parameter must be an array or an object that implements Countable in C:\xampp\htdocs\rezervacije\index.php on line 56
[09-Nov-2020 15:00:03 Europe/Berlin] PHP Warning:  count(): Parameter must be an array or an object that implements Countable in C:\xampp\htdocs\rezervacije\index.php on line 56
[09-Nov-2020 15:04:57 Europe/Berlin] PHP Warning:  count(): Parameter must be an array or an object that implements Countable in C:\xampp\htdocs\rezervacije\index.php on line 56
[09-Nov-2020 15:05:22 Europe/Berlin] PHP Warning:  count(): Parameter must be an array or an object that implements Countable in C:\xampp\htdocs\rezervacije\index.php on line 56
[09-Nov-2020 15:07:47 Europe/Berlin] PHP Warning:  count(): Parameter must be an array or an object that implements Countable in C:\xampp\htdocs\rezervacije\index.php on line 56
[09-Nov-2020 15:08:09 Europe/Berlin] PHP Warning:  count(): Parameter must be an array or an object that implements Countable in C:\xampp\htdocs\rezervacije\index.php on line 56
[09-Nov-2020 15:08:25 Europe/Berlin] PHP Warning:  count(): Parameter must be an array or an object that implements Countable in C:\xampp\htdocs\rezervacije\index.php on line 56
[09-Nov-2020 15:09:09 Europe/Berlin] PHP Warning:  count(): Parameter must be an array or an object that implements Countable in C:\xampp\htdocs\rezervacije\index.php on line 56
[09-Nov-2020 15:09:47 Europe/Berlin] PHP Warning:  count(): Parameter must be an array or an object that implements Countable in C:\xampp\htdocs\rezervacije\index.php on line 56
[09-Nov-2020 15:09:58 Europe/Berlin] PHP Warning:  count(): Parameter must be an array or an object that implements Countable in C:\xampp\htdocs\rezervacije\index.php on line 56
[09-Nov-2020 15:10:26 Europe/Berlin] PHP Warning:  count(): Parameter must be an array or an object that implements Countable in C:\xampp\htdocs\rezervacije\index.php on line 56
[09-Nov-2020 15:10:53 Europe/Berlin] PHP Warning:  count(): Parameter must be an array or an object that implements Countable in C:\xampp\htdocs\rezervacije\index.php on line 56
[09-Nov-2020 15:11:11 Europe/Berlin] PHP Warning:  count(): Parameter must be an array or an object that implements Countable in C:\xampp\htdocs\rezervacije\index.php on line 56
[09-Nov-2020 15:12:14 Europe/Berlin] PHP Warning:  count(): Parameter must be an array or an object that implements Countable in C:\xampp\htdocs\rezervacije\index.php on line 56
[09-Nov-2020 15:13:19 Europe/Berlin] PHP Warning:  count(): Parameter must be an array or an object that implements Countable in C:\xampp\htdocs\rezervacije\index.php on line 56
[09-Nov-2020 15:14:19 Europe/Berlin] PHP Warning:  count(): Parameter must be an array or an object that implements Countable in C:\xampp\htdocs\rezervacije\index.php on line 56
[09-Nov-2020 15:18:39 Europe/Berlin] PHP Warning:  count(): Parameter must be an array or an object that implements Countable in C:\xampp\htdocs\rezervacije\index.php on line 56
[09-Nov-2020 15:19:10 Europe/Berlin] PHP Warning:  count(): Parameter must be an array or an object that implements Countable in C:\xampp\htdocs\rezervacije\index.php on line 56
[09-Nov-2020 15:19:47 Europe/Berlin] PHP Warning:  count(): Parameter must be an array or an object that implements Countable in C:\xampp\htdocs\rezervacije\index.php on line 56
[09-Nov-2020 15:20:22 Europe/Berlin] PHP Warning:  count(): Parameter must be an array or an object that implements Countable in C:\xampp\htdocs\rezervacije\index.php on line 56
[09-Nov-2020 15:20:51 Europe/Berlin] PHP Warning:  count(): Parameter must be an array or an object that implements Countable in C:\xampp\htdocs\rezervacije\index.php on line 56
[09-Nov-2020 15:21:26 Europe/Berlin] PHP Warning:  count(): Parameter must be an array or an object that implements Countable in C:\xampp\htdocs\rezervacije\index.php on line 56
[09-Nov-2020 15:22:54 Europe/Berlin] PHP Warning:  count(): Parameter must be an array or an object that implements Countable in C:\xampp\htdocs\rezervacije\index.php on line 56
[09-Nov-2020 15:23:48 Europe/Berlin] PHP Warning:  count(): Parameter must be an array or an object that implements Countable in C:\xampp\htdocs\rezervacije\index.php on line 56
[09-Nov-2020 15:24:20 Europe/Berlin] PHP Warning:  count(): Parameter must be an array or an object that implements Countable in C:\xampp\htdocs\rezervacije\index.php on line 56
[09-Nov-2020 15:24:58 Europe/Berlin] PHP Warning:  count(): Parameter must be an array or an object that implements Countable in C:\xampp\htdocs\rezervacije\index.php on line 56
[09-Nov-2020 15:25:39 Europe/Berlin] PHP Warning:  count(): Parameter must be an array or an object that implements Countable in C:\xampp\htdocs\rezervacije\index.php on line 56
[09-Nov-2020 15:26:40 Europe/Berlin] PHP Warning:  count(): Parameter must be an array or an object that implements Countable in C:\xampp\htdocs\rezervacije\index.php on line 56
[09-Nov-2020 15:27:05 Europe/Berlin] PHP Warning:  count(): Parameter must be an array or an object that implements Countable in C:\xampp\htdocs\rezervacije\index.php on line 56
[09-Nov-2020 15:28:30 Europe/Berlin] PHP Warning:  count(): Parameter must be an array or an object that implements Countable in C:\xampp\htdocs\rezervacije\index.php on line 56
[09-Nov-2020 15:28:44 Europe/Berlin] PHP Warning:  count(): Parameter must be an array or an object that implements Countable in C:\xampp\htdocs\rezervacije\index.php on line 56
[09-Nov-2020 15:29:26 Europe/Berlin] PHP Warning:  count(): Parameter must be an array or an object that implements Countable in C:\xampp\htdocs\rezervacije\index.php on line 56
[09-Nov-2020 15:31:16 Europe/Berlin] PHP Warning:  count(): Parameter must be an array or an object that implements Countable in C:\xampp\htdocs\rezervacije\index.php on line 56
[09-Nov-2020 15:32:57 Europe/Berlin] PHP Warning:  count(): Parameter must be an array or an object that implements Countable in C:\xampp\htdocs\rezervacije\index.php on line 56
[09-Nov-2020 15:33:03 Europe/Berlin] PHP Warning:  count(): Parameter must be an array or an object that implements Countable in C:\xampp\htdocs\rezervacije\index.php on line 56
[09-Nov-2020 15:36:05 Europe/Berlin] PHP Warning:  count(): Parameter must be an array or an object that implements Countable in C:\xampp\htdocs\rezervacije\index.php on line 56
[09-Nov-2020 15:37:38 Europe/Berlin] PHP Notice:  Undefined variable: ime in C:\xampp\htdocs\rezervacije\userClass.php on line 29
[09-Nov-2020 15:42:49 Europe/Berlin] PHP Notice:  Undefined variable: ime in C:\xampp\htdocs\rezervacije\userClass.php on line 29
[09-Nov-2020 15:43:18 Europe/Berlin] PHP Notice:  Undefined variable: ime in C:\xampp\htdocs\rezervacije\userClass.php on line 29
[09-Nov-2020 15:43:20 Europe/Berlin] PHP Warning:  count(): Parameter must be an array or an object that implements Countable in C:\xampp\htdocs\rezervacije\index.php on line 56
[09-Nov-2020 15:43:36 Europe/Berlin] PHP Notice:  Undefined variable: ime in C:\xampp\htdocs\rezervacije\userClass.php on line 29
[09-Nov-2020 15:43:56 Europe/Berlin] PHP Notice:  Undefined variable: ime in C:\xampp\htdocs\rezervacije\userClass.php on line 29
[09-Nov-2020 15:44:12 Europe/Berlin] PHP Notice:  Undefined variable: ime in C:\xampp\htdocs\rezervacije\userClass.php on line 29
[09-Nov-2020 15:44:37 Europe/Berlin] PHP Notice:  Undefined variable: ime in C:\xampp\htdocs\rezervacije\userClass.php on line 29
[09-Nov-2020 15:44:48 Europe/Berlin] PHP Notice:  Undefined variable: ime in C:\xampp\htdocs\rezervacije\userClass.php on line 29
[09-Nov-2020 15:45:32 Europe/Berlin] PHP Notice:  Undefined variable: ime in C:\xampp\htdocs\rezervacije\userClass.php on line 29
[09-Nov-2020 15:46:12 Europe/Berlin] PHP Notice:  Undefined variable: ime in C:\xampp\htdocs\rezervacije\userClass.php on line 29
[09-Nov-2020 15:46:17 Europe/Berlin] PHP Notice:  Undefined variable: ime in C:\xampp\htdocs\rezervacije\userClass.php on line 29
[09-Nov-2020 15:46:22 Europe/Berlin] PHP Notice:  Undefined variable: ime in C:\xampp\htdocs\rezervacije\userClass.php on line 29
[09-Nov-2020 15:46:28 Europe/Berlin] PHP Notice:  Undefined variable: ime in C:\xampp\htdocs\rezervacije\userClass.php on line 29
[09-Nov-2020 15:50:05 Europe/Berlin] PHP Warning:  count(): Parameter must be an array or an object that implements Countable in C:\xampp\htdocs\rezervacije\index.php on line 56
[09-Nov-2020 15:50:53 Europe/Berlin] PHP Warning:  count(): Parameter must be an array or an object that implements Countable in C:\xampp\htdocs\rezervacije\index.php on line 56
[09-Nov-2020 16:09:39 Europe/Berlin] PHP Warning:  count(): Parameter must be an array or an object that implements Countable in C:\xampp\htdocs\rezervacije\index.php on line 56
[09-Nov-2020 16:10:53 Europe/Berlin] PHP Warning:  count(): Parameter must be an array or an object that implements Countable in C:\xampp\htdocs\rezervacije\index.php on line 56
[09-Nov-2020 16:33:01 Europe/Berlin] PHP Warning:  count(): Parameter must be an array or an object that implements Countable in C:\xampp\htdocs\rezervacije\index.php on line 56
[09-Nov-2020 16:36:53 Europe/Berlin] PHP Warning:  count(): Parameter must be an array or an object that implements Countable in C:\xampp\htdocs\rezervacije\index.php on line 56
[09-Nov-2020 16:38:54 Europe/Berlin] PHP Warning:  count(): Parameter must be an array or an object that implements Countable in C:\xampp\htdocs\rezervacije\index.php on line 56
[09-Nov-2020 16:39:29 Europe/Berlin] PHP Warning:  count(): Parameter must be an array or an object that implements Countable in C:\xampp\htdocs\rezervacije\index.php on line 56
[09-Nov-2020 16:39:47 Europe/Berlin] PHP Warning:  count(): Parameter must be an array or an object that implements Countable in C:\xampp\htdocs\rezervacije\index.php on line 56
[09-Nov-2020 16:40:00 Europe/Berlin] PHP Warning:  count(): Parameter must be an array or an object that implements Countable in C:\xampp\htdocs\rezervacije\index.php on line 56
[09-Nov-2020 16:40:26 Europe/Berlin] PHP Warning:  count(): Parameter must be an array or an object that implements Countable in C:\xampp\htdocs\rezervacije\index.php on line 56
[09-Nov-2020 16:40:44 Europe/Berlin] PHP Warning:  count(): Parameter must be an array or an object that implements Countable in C:\xampp\htdocs\rezervacije\index.php on line 56
[09-Nov-2020 16:40:58 Europe/Berlin] PHP Warning:  count(): Parameter must be an array or an object that implements Countable in C:\xampp\htdocs\rezervacije\index.php on line 56
[09-Nov-2020 16:41:22 Europe/Berlin] PHP Warning:  count(): Parameter must be an array or an object that implements Countable in C:\xampp\htdocs\rezervacije\index.php on line 56
[09-Nov-2020 16:42:27 Europe/Berlin] PHP Warning:  count(): Parameter must be an array or an object that implements Countable in C:\xampp\htdocs\rezervacije\index.php on line 56
[09-Nov-2020 16:42:45 Europe/Berlin] PHP Warning:  count(): Parameter must be an array or an object that implements Countable in C:\xampp\htdocs\rezervacije\index.php on line 56
[09-Nov-2020 16:43:33 Europe/Berlin] PHP Warning:  count(): Parameter must be an array or an object that implements Countable in C:\xampp\htdocs\rezervacije\index.php on line 56
[09-Nov-2020 16:44:06 Europe/Berlin] PHP Warning:  count(): Parameter must be an array or an object that implements Countable in C:\xampp\htdocs\rezervacije\index.php on line 56
[09-Nov-2020 16:44:17 Europe/Berlin] PHP Warning:  count(): Parameter must be an array or an object that implements Countable in C:\xampp\htdocs\rezervacije\index.php on line 56
[09-Nov-2020 16:44:37 Europe/Berlin] PHP Warning:  count(): Parameter must be an array or an object that implements Countable in C:\xampp\htdocs\rezervacije\index.php on line 56
[09-Nov-2020 16:45:25 Europe/Berlin] PHP Warning:  count(): Parameter must be an array or an object that implements Countable in C:\xampp\htdocs\rezervacije\index.php on line 56
[09-Nov-2020 16:45:47 Europe/Berlin] PHP Warning:  count(): Parameter must be an array or an object that implements Countable in C:\xampp\htdocs\rezervacije\index.php on line 56
[09-Nov-2020 16:46:41 Europe/Berlin] PHP Warning:  count(): Parameter must be an array or an object that implements Countable in C:\xampp\htdocs\rezervacije\index.php on line 56
[09-Nov-2020 17:52:43 Europe/Berlin] PHP Warning:  count(): Parameter must be an array or an object that implements Countable in C:\xampp\htdocs\rezervacije\index.php on line 56
[09-Nov-2020 17:53:15 Europe/Berlin] PHP Warning:  count(): Parameter must be an array or an object that implements Countable in C:\xampp\htdocs\rezervacije\index.php on line 56
[09-Nov-2020 17:55:01 Europe/Berlin] PHP Warning:  count(): Parameter must be an array or an object that implements Countable in C:\xampp\htdocs\rezervacije\index.php on line 56
[09-Nov-2020 17:58:14 Europe/Berlin] PHP Warning:  count(): Parameter must be an array or an object that implements Countable in C:\xampp\htdocs\rezervacije\index.php on line 56
[09-Nov-2020 17:59:00 Europe/Berlin] PHP Warning:  count(): Parameter must be an array or an object that implements Countable in C:\xampp\htdocs\rezervacije\index.php on line 56
[09-Nov-2020 18:00:29 Europe/Berlin] PHP Warning:  count(): Parameter must be an array or an object that implements Countable in C:\xampp\htdocs\rezervacije\index.php on line 56
[09-Nov-2020 18:01:58 Europe/Berlin] PHP Warning:  count(): Parameter must be an array or an object that implements Countable in C:\xampp\htdocs\rezervacije\index.php on line 56
[09-Nov-2020 18:02:57 Europe/Berlin] PHP Warning:  count(): Parameter must be an array or an object that implements Countable in C:\xampp\htdocs\rezervacije\index.php on line 56
[09-Nov-2020 18:03:06 Europe/Berlin] PHP Warning:  count(): Parameter must be an array or an object that implements Countable in C:\xampp\htdocs\rezervacije\index.php on line 56
[09-Nov-2020 18:04:57 Europe/Berlin] PHP Warning:  count(): Parameter must be an array or an object that implements Countable in C:\xampp\htdocs\rezervacije\index.php on line 56
[09-Nov-2020 18:06:41 Europe/Berlin] PHP Warning:  count(): Parameter must be an array or an object that implements Countable in C:\xampp\htdocs\rezervacije\index.php on line 56
[09-Nov-2020 18:06:47 Europe/Berlin] PHP Warning:  count(): Parameter must be an array or an object that implements Countable in C:\xampp\htdocs\rezervacije\index.php on line 56
[09-Nov-2020 18:09:08 Europe/Berlin] PHP Warning:  count(): Parameter must be an array or an object that implements Countable in C:\xampp\htdocs\rezervacije\index.php on line 56
[09-Nov-2020 18:11:14 Europe/Berlin] PHP Warning:  count(): Parameter must be an array or an object that implements Countable in C:\xampp\htdocs\rezervacije\index.php on line 56
[09-Nov-2020 18:14:57 Europe/Berlin] PHP Warning:  count(): Parameter must be an array or an object that implements Countable in C:\xampp\htdocs\rezervacije\index.php on line 56
[09-Nov-2020 18:15:33 Europe/Berlin] PHP Warning:  count(): Parameter must be an array or an object that implements Countable in C:\xampp\htdocs\rezervacije\index.php on line 56
[09-Nov-2020 18:17:32 Europe/Berlin] PHP Warning:  count(): Parameter must be an array or an object that implements Countable in C:\xampp\htdocs\rezervacije\index.php on line 56
[09-Nov-2020 18:21:04 Europe/Berlin] PHP Warning:  count(): Parameter must be an array or an object that implements Countable in C:\xampp\htdocs\rezervacije\index.php on line 56
[09-Nov-2020 18:21:08 Europe/Berlin] PHP Warning:  count(): Parameter must be an array or an object that implements Countable in C:\xampp\htdocs\rezervacije\index.php on line 56
[09-Nov-2020 18:21:09 Europe/Berlin] PHP Warning:  count(): Parameter must be an array or an object that implements Countable in C:\xampp\htdocs\rezervacije\index.php on line 56
[09-Nov-2020 18:21:19 Europe/Berlin] PHP Warning:  count(): Parameter must be an array or an object that implements Countable in C:\xampp\htdocs\rezervacije\index.php on line 56
[09-Nov-2020 18:23:08 Europe/Berlin] PHP Warning:  count(): Parameter must be an array or an object that implements Countable in C:\xampp\htdocs\rezervacije\index.php on line 56
[09-Nov-2020 18:23:40 Europe/Berlin] PHP Warning:  count(): Parameter must be an array or an object that implements Countable in C:\xampp\htdocs\rezervacije\index.php on line 56
[09-Nov-2020 18:23:42 Europe/Berlin] PHP Warning:  count(): Parameter must be an array or an object that implements Countable in C:\xampp\htdocs\rezervacije\index.php on line 56
[09-Nov-2020 18:23:46 Europe/Berlin] PHP Warning:  count(): Parameter must be an array or an object that implements Countable in C:\xampp\htdocs\rezervacije\index.php on line 56
[09-Nov-2020 18:24:14 Europe/Berlin] PHP Warning:  count(): Parameter must be an array or an object that implements Countable in C:\xampp\htdocs\rezervacije\index.php on line 56
[09-Nov-2020 18:24:37 Europe/Berlin] PHP Warning:  count(): Parameter must be an array or an object that implements Countable in C:\xampp\htdocs\rezervacije\index.php on line 56
[09-Nov-2020 18:28:13 Europe/Berlin] PHP Warning:  count(): Parameter must be an array or an object that implements Countable in C:\xampp\htdocs\rezervacije\index.php on line 56
[09-Nov-2020 18:28:18 Europe/Berlin] PHP Warning:  count(): Parameter must be an array or an object that implements Countable in C:\xampp\htdocs\rezervacije\index.php on line 56
[09-Nov-2020 18:28:19 Europe/Berlin] PHP Warning:  count(): Parameter must be an array or an object that implements Countable in C:\xampp\htdocs\rezervacije\index.php on line 56
[09-Nov-2020 18:28:31 Europe/Berlin] PHP Warning:  count(): Parameter must be an array or an object that implements Countable in C:\xampp\htdocs\rezervacije\index.php on line 56
[09-Nov-2020 18:29:31 Europe/Berlin] PHP Warning:  count(): Parameter must be an array or an object that implements Countable in C:\xampp\htdocs\rezervacije\index.php on line 56
[09-Nov-2020 18:39:29 Europe/Berlin] PHP Warning:  count(): Parameter must be an array or an object that implements Countable in C:\xampp\htdocs\rezervacije\index.php on line 56
[09-Nov-2020 18:39:38 Europe/Berlin] PHP Warning:  count(): Parameter must be an array or an object that implements Countable in C:\xampp\htdocs\rezervacije\index.php on line 56
[09-Nov-2020 18:40:05 Europe/Berlin] PHP Warning:  count(): Parameter must be an array or an object that implements Countable in C:\xampp\htdocs\rezervacije\index.php on line 56
[09-Nov-2020 18:40:48 Europe/Berlin] PHP Warning:  count(): Parameter must be an array or an object that implements Countable in C:\xampp\htdocs\rezervacije\index.php on line 56
[09-Nov-2020 18:42:11 Europe/Berlin] PHP Warning:  count(): Parameter must be an array or an object that implements Countable in C:\xampp\htdocs\rezervacije\index.php on line 56
[09-Nov-2020 18:42:21 Europe/Berlin] PHP Warning:  count(): Parameter must be an array or an object that implements Countable in C:\xampp\htdocs\rezervacije\index.php on line 56
[09-Nov-2020 18:47:13 Europe/Berlin] PHP Warning:  count(): Parameter must be an array or an object that implements Countable in C:\xampp\htdocs\rezervacije\index.php on line 56
[09-Nov-2020 18:56:52 Europe/Berlin] PHP Warning:  count(): Parameter must be an array or an object that implements Countable in C:\xampp\htdocs\rezervacije\index.php on line 56
[09-Nov-2020 18:57:39 Europe/Berlin] PHP Warning:  count(): Parameter must be an array or an object that implements Countable in C:\xampp\htdocs\rezervacije\index.php on line 56
[09-Nov-2020 19:01:56 Europe/Berlin] PHP Warning:  count(): Parameter must be an array or an object that implements Countable in C:\xampp\htdocs\rezervacije\index.php on line 56
[10-Nov-2020 20:41:03 Europe/Berlin] PHP Warning:  count(): Parameter must be an array or an object that implements Countable in C:\xampp\htdocs\rezervacije\index.php on line 56
[10-Nov-2020 20:41:57 Europe/Berlin] PHP Warning:  count(): Parameter must be an array or an object that implements Countable in C:\xampp\htdocs\rezervacije\index.php on line 56
[10-Nov-2020 20:42:28 Europe/Berlin] PHP Warning:  count(): Parameter must be an array or an object that implements Countable in C:\xampp\htdocs\rezervacije\index.php on line 56
[10-Nov-2020 21:02:20 Europe/Berlin] PHP Warning:  count(): Parameter must be an array or an object that implements Countable in C:\xampp\htdocs\rezervacije\index.php on line 56
[10-Nov-2020 21:24:11 Europe/Berlin] PHP Warning:  count(): Parameter must be an array or an object that implements Countable in C:\xampp\htdocs\rezervacije\index.php on line 56
[10-Nov-2020 21:25:53 Europe/Berlin] PHP Warning:  count(): Parameter must be an array or an object that implements Countable in C:\xampp\htdocs\rezervacije\index.php on line 56
[10-Nov-2020 21:27:20 Europe/Berlin] PHP Fatal error:  Uncaught Error: Cannot use object of type User as array in C:\xampp\htdocs\rezervacije\login.php:15
Stack trace:
#0 {main}
  thrown in C:\xampp\htdocs\rezervacije\login.php on line 15
[10-Nov-2020 21:27:28 Europe/Berlin] PHP Fatal error:  Uncaught Error: Cannot use object of type User as array in C:\xampp\htdocs\rezervacije\login.php:15
Stack trace:
#0 {main}
  thrown in C:\xampp\htdocs\rezervacije\login.php on line 15
[10-Nov-2020 21:27:35 Europe/Berlin] PHP Warning:  count(): Parameter must be an array or an object that implements Countable in C:\xampp\htdocs\rezervacije\index.php on line 56
[10-Nov-2020 21:27:39 Europe/Berlin] PHP Warning:  count(): Parameter must be an array or an object that implements Countable in C:\xampp\htdocs\rezervacije\index.php on line 56
[11-Nov-2020 11:25:32 Europe/Berlin] PHP Warning:  count(): Parameter must be an array or an object that implements Countable in C:\xampp\htdocs\rezervacije\index.php on line 56
[11-Nov-2020 11:27:42 Europe/Berlin] PHP Warning:  count(): Parameter must be an array or an object that implements Countable in C:\xampp\htdocs\rezervacije\index.php on line 56
[11-Nov-2020 11:29:29 Europe/Berlin] PHP Warning:  count(): Parameter must be an array or an object that implements Countable in C:\xampp\htdocs\rezervacije\index.php on line 56
[11-Nov-2020 11:41:45 Europe/Berlin] PHP Warning:  count(): Parameter must be an array or an object that implements Countable in C:\xampp\htdocs\rezervacije\index.php on line 56
[11-Nov-2020 11:42:09 Europe/Berlin] PHP Warning:  count(): Parameter must be an array or an object that implements Countable in C:\xampp\htdocs\rezervacije\index.php on line 56
[11-Nov-2020 11:42:36 Europe/Berlin] PHP Warning:  count(): Parameter must be an array or an object that implements Countable in C:\xampp\htdocs\rezervacije\index.php on line 56
[11-Nov-2020 11:47:33 Europe/Berlin] PHP Warning:  count(): Parameter must be an array or an object that implements Countable in C:\xampp\htdocs\rezervacije\index.php on line 56
[11-Nov-2020 11:49:48 Europe/Berlin] PHP Warning:  count(): Parameter must be an array or an object that implements Countable in C:\xampp\htdocs\rezervacije\index.php on line 56
[11-Nov-2020 12:22:29 Europe/Berlin] PHP Warning:  count(): Parameter must be an array or an object that implements Countable in C:\xampp\htdocs\rezervacije\index.php on line 56
[11-Nov-2020 14:27:18 Europe/Berlin] PHP Warning:  count(): Parameter must be an array or an object that implements Countable in C:\xampp\htdocs\rezervacije\index.php on line 56
[11-Nov-2020 14:28:34 Europe/Berlin] PHP Warning:  count(): Parameter must be an array or an object that implements Countable in C:\xampp\htdocs\rezervacije\index.php on line 56
[11-Nov-2020 14:36:34 Europe/Berlin] PHP Warning:  count(): Parameter must be an array or an object that implements Countable in C:\xampp\htdocs\rezervacije\index.php on line 56
[11-Nov-2020 14:51:02 Europe/Berlin] PHP Warning:  count(): Parameter must be an array or an object that implements Countable in C:\xampp\htdocs\rezervacije\index.php on line 56
[11-Nov-2020 14:52:31 Europe/Berlin] PHP Warning:  count(): Parameter must be an array or an object that implements Countable in C:\xampp\htdocs\rezervacije\onama.php on line 187
[11-Nov-2020 14:53:01 Europe/Berlin] PHP Warning:  count(): Parameter must be an array or an object that implements Countable in C:\xampp\htdocs\rezervacije\onama.php on line 188
[11-Nov-2020 14:53:54 Europe/Berlin] PHP Warning:  count(): Parameter must be an array or an object that implements Countable in C:\xampp\htdocs\rezervacije\onama.php on line 188
[11-Nov-2020 14:53:59 Europe/Berlin] PHP Warning:  count(): Parameter must be an array or an object that implements Countable in C:\xampp\htdocs\rezervacije\onama.php on line 188
[11-Nov-2020 14:54:29 Europe/Berlin] PHP Warning:  count(): Parameter must be an array or an object that implements Countable in C:\xampp\htdocs\rezervacije\onama.php on line 188
[11-Nov-2020 14:57:02 Europe/Berlin] PHP Warning:  count(): Parameter must be an array or an object that implements Countable in C:\xampp\htdocs\rezervacije\onama.php on line 188
[11-Nov-2020 15:04:18 Europe/Berlin] PHP Warning:  count(): Parameter must be an array or an object that implements Countable in C:\xampp\htdocs\rezervacije\onama.php on line 188
[11-Nov-2020 15:06:20 Europe/Berlin] PHP Warning:  count(): Parameter must be an array or an object that implements Countable in C:\xampp\htdocs\rezervacije\onama.php on line 188
[11-Nov-2020 15:10:36 Europe/Berlin] PHP Warning:  count(): Parameter must be an array or an object that implements Countable in C:\xampp\htdocs\rezervacije\onama.php on line 188
[11-Nov-2020 15:11:16 Europe/Berlin] PHP Warning:  count(): Parameter must be an array or an object that implements Countable in C:\xampp\htdocs\rezervacije\onama.php on line 188
[11-Nov-2020 15:12:35 Europe/Berlin] PHP Warning:  count(): Parameter must be an array or an object that implements Countable in C:\xampp\htdocs\rezervacije\onama.php on line 188
[11-Nov-2020 15:14:18 Europe/Berlin] PHP Warning:  count(): Parameter must be an array or an object that implements Countable in C:\xampp\htdocs\rezervacije\onama.php on line 188
[11-Nov-2020 15:15:18 Europe/Berlin] PHP Warning:  count(): Parameter must be an array or an object that implements Countable in C:\xampp\htdocs\rezervacije\onama.php on line 188
[11-Nov-2020 15:15:43 Europe/Berlin] PHP Warning:  count(): Parameter must be an array or an object that implements Countable in C:\xampp\htdocs\rezervacije\onama.php on line 188
[11-Nov-2020 15:16:20 Europe/Berlin] PHP Warning:  count(): Parameter must be an array or an object that implements Countable in C:\xampp\htdocs\rezervacije\onama.php on line 188
[11-Nov-2020 15:17:20 Europe/Berlin] PHP Warning:  count(): Parameter must be an array or an object that implements Countable in C:\xampp\htdocs\rezervacije\onama.php on line 188
[11-Nov-2020 15:17:55 Europe/Berlin] PHP Warning:  count(): Parameter must be an array or an object that implements Countable in C:\xampp\htdocs\rezervacije\onama.php on line 188
[11-Nov-2020 15:18:30 Europe/Berlin] PHP Warning:  count(): Parameter must be an array or an object that implements Countable in C:\xampp\htdocs\rezervacije\onama.php on line 188
[11-Nov-2020 15:18:41 Europe/Berlin] PHP Warning:  count(): Parameter must be an array or an object that implements Countable in C:\xampp\htdocs\rezervacije\onama.php on line 188
[11-Nov-2020 15:19:26 Europe/Berlin] PHP Warning:  count(): Parameter must be an array or an object that implements Countable in C:\xampp\htdocs\rezervacije\onama.php on line 188
[11-Nov-2020 15:19:29 Europe/Berlin] PHP Warning:  count(): Parameter must be an array or an object that implements Countable in C:\xampp\htdocs\rezervacije\onama.php on line 188
[11-Nov-2020 15:19:59 Europe/Berlin] PHP Warning:  count(): Parameter must be an array or an object that implements Countable in C:\xampp\htdocs\rezervacije\onama.php on line 188
[11-Nov-2020 15:23:37 Europe/Berlin] PHP Warning:  count(): Parameter must be an array or an object that implements Countable in C:\xampp\htdocs\rezervacije\onama.php on line 188
[11-Nov-2020 15:23:47 Europe/Berlin] PHP Warning:  count(): Parameter must be an array or an object that implements Countable in C:\xampp\htdocs\rezervacije\onama.php on line 188
[11-Nov-2020 15:24:49 Europe/Berlin] PHP Warning:  count(): Parameter must be an array or an object that implements Countable in C:\xampp\htdocs\rezervacije\onama.php on line 188
[11-Nov-2020 15:25:00 Europe/Berlin] PHP Warning:  count(): Parameter must be an array or an object that implements Countable in C:\xampp\htdocs\rezervacije\onama.php on line 188
[11-Nov-2020 15:25:17 Europe/Berlin] PHP Warning:  count(): Parameter must be an array or an object that implements Countable in C:\xampp\htdocs\rezervacije\onama.php on line 188
[11-Nov-2020 15:26:25 Europe/Berlin] PHP Warning:  count(): Parameter must be an array or an object that implements Countable in C:\xampp\htdocs\rezervacije\onama.php on line 190
[11-Nov-2020 15:26:50 Europe/Berlin] PHP Warning:  count(): Parameter must be an array or an object that implements Countable in C:\xampp\htdocs\rezervacije\onama.php on line 190
[11-Nov-2020 15:26:57 Europe/Berlin] PHP Warning:  count(): Parameter must be an array or an object that implements Countable in C:\xampp\htdocs\rezervacije\onama.php on line 190
[11-Nov-2020 15:27:15 Europe/Berlin] PHP Warning:  count(): Parameter must be an array or an object that implements Countable in C:\xampp\htdocs\rezervacije\onama.php on line 190
[11-Nov-2020 15:27:38 Europe/Berlin] PHP Warning:  count(): Parameter must be an array or an object that implements Countable in C:\xampp\htdocs\rezervacije\onama.php on line 191
[11-Nov-2020 15:27:46 Europe/Berlin] PHP Warning:  count(): Parameter must be an array or an object that implements Countable in C:\xampp\htdocs\rezervacije\onama.php on line 191
[11-Nov-2020 15:28:02 Europe/Berlin] PHP Warning:  count(): Parameter must be an array or an object that implements Countable in C:\xampp\htdocs\rezervacije\onama.php on line 192
[11-Nov-2020 15:28:10 Europe/Berlin] PHP Warning:  count(): Parameter must be an array or an object that implements Countable in C:\xampp\htdocs\rezervacije\onama.php on line 192
[11-Nov-2020 15:28:51 Europe/Berlin] PHP Warning:  count(): Parameter must be an array or an object that implements Countable in C:\xampp\htdocs\rezervacije\onama.php on line 193
[11-Nov-2020 15:29:05 Europe/Berlin] PHP Warning:  count(): Parameter must be an array or an object that implements Countable in C:\xampp\htdocs\rezervacije\onama.php on line 193
[11-Nov-2020 15:29:15 Europe/Berlin] PHP Warning:  count(): Parameter must be an array or an object that implements Countable in C:\xampp\htdocs\rezervacije\onama.php on line 193
[11-Nov-2020 15:29:23 Europe/Berlin] PHP Warning:  count(): Parameter must be an array or an object that implements Countable in C:\xampp\htdocs\rezervacije\onama.php on line 193
[11-Nov-2020 15:33:39 Europe/Berlin] PHP Warning:  count(): Parameter must be an array or an object that implements Countable in C:\xampp\htdocs\rezervacije\onama.php on line 193
[11-Nov-2020 15:33:45 Europe/Berlin] PHP Warning:  count(): Parameter must be an array or an object that implements Countable in C:\xampp\htdocs\rezervacije\onama.php on line 193
[11-Nov-2020 15:34:54 Europe/Berlin] PHP Warning:  count(): Parameter must be an array or an object that implements Countable in C:\xampp\htdocs\rezervacije\onama.php on line 193
[11-Nov-2020 15:35:28 Europe/Berlin] PHP Warning:  count(): Parameter must be an array or an object that implements Countable in C:\xampp\htdocs\rezervacije\onama.php on line 193
[11-Nov-2020 15:36:41 Europe/Berlin] PHP Warning:  count(): Parameter must be an array or an object that implements Countable in C:\xampp\htdocs\rezervacije\onama.php on line 193
[11-Nov-2020 15:37:48 Europe/Berlin] PHP Warning:  count(): Parameter must be an array or an object that implements Countable in C:\xampp\htdocs\rezervacije\onama.php on line 193
[11-Nov-2020 16:01:33 Europe/Berlin] PHP Warning:  count(): Parameter must be an array or an object that implements Countable in C:\xampp\htdocs\rezervacije\onama.php on line 193
[11-Nov-2020 16:01:53 Europe/Berlin] PHP Warning:  count(): Parameter must be an array or an object that implements Countable in C:\xampp\htdocs\rezervacije\onama.php on line 193
[11-Nov-2020 16:02:02 Europe/Berlin] PHP Warning:  count(): Parameter must be an array or an object that implements Countable in C:\xampp\htdocs\rezervacije\onama.php on line 193
[11-Nov-2020 16:03:51 Europe/Berlin] PHP Warning:  count(): Parameter must be an array or an object that implements Countable in C:\xampp\htdocs\rezervacije\onama.php on line 193
[11-Nov-2020 16:04:01 Europe/Berlin] PHP Warning:  count(): Parameter must be an array or an object that implements Countable in C:\xampp\htdocs\rezervacije\onama.php on line 193
[11-Nov-2020 16:04:10 Europe/Berlin] PHP Warning:  count(): Parameter must be an array or an object that implements Countable in C:\xampp\htdocs\rezervacije\onama.php on line 193
[11-Nov-2020 16:05:07 Europe/Berlin] PHP Warning:  count(): Parameter must be an array or an object that implements Countable in C:\xampp\htdocs\rezervacije\onama.php on line 193
[11-Nov-2020 16:05:43 Europe/Berlin] PHP Warning:  count(): Parameter must be an array or an object that implements Countable in C:\xampp\htdocs\rezervacije\onama.php on line 193
[11-Nov-2020 16:07:27 Europe/Berlin] PHP Warning:  count(): Parameter must be an array or an object that implements Countable in C:\xampp\htdocs\rezervacije\onama.php on line 193
[11-Nov-2020 16:07:46 Europe/Berlin] PHP Warning:  count(): Parameter must be an array or an object that implements Countable in C:\xampp\htdocs\rezervacije\onama.php on line 193
[11-Nov-2020 16:10:53 Europe/Berlin] PHP Warning:  count(): Parameter must be an array or an object that implements Countable in C:\xampp\htdocs\rezervacije\onama.php on line 193
[11-Nov-2020 16:11:06 Europe/Berlin] PHP Warning:  count(): Parameter must be an array or an object that implements Countable in C:\xampp\htdocs\rezervacije\onama.php on line 193
[11-Nov-2020 16:13:17 Europe/Berlin] PHP Warning:  count(): Parameter must be an array or an object that implements Countable in C:\xampp\htdocs\rezervacije\onama.php on line 193
[11-Nov-2020 16:13:33 Europe/Berlin] PHP Warning:  count(): Parameter must be an array or an object that implements Countable in C:\xampp\htdocs\rezervacije\onama.php on line 193
[11-Nov-2020 16:14:00 Europe/Berlin] PHP Warning:  count(): Parameter must be an array or an object that implements Countable in C:\xampp\htdocs\rezervacije\onama.php on line 193
[11-Nov-2020 16:14:30 Europe/Berlin] PHP Warning:  count(): Parameter must be an array or an object that implements Countable in C:\xampp\htdocs\rezervacije\onama.php on line 193
[11-Nov-2020 16:14:44 Europe/Berlin] PHP Warning:  count(): Parameter must be an array or an object that implements Countable in C:\xampp\htdocs\rezervacije\onama.php on line 193
[11-Nov-2020 16:18:22 Europe/Berlin] PHP Warning:  count(): Parameter must be an array or an object that implements Countable in C:\xampp\htdocs\rezervacije\onama.php on line 193
[11-Nov-2020 16:19:11 Europe/Berlin] PHP Warning:  count(): Parameter must be an array or an object that implements Countable in C:\xampp\htdocs\rezervacije\onama.php on line 193
[11-Nov-2020 16:19:27 Europe/Berlin] PHP Warning:  count(): Parameter must be an array or an object that implements Countable in C:\xampp\htdocs\rezervacije\onama.php on line 193
[11-Nov-2020 16:20:06 Europe/Berlin] PHP Warning:  count(): Parameter must be an array or an object that implements Countable in C:\xampp\htdocs\rezervacije\onama.php on line 193
[11-Nov-2020 16:20:54 Europe/Berlin] PHP Warning:  count(): Parameter must be an array or an object that implements Countable in C:\xampp\htdocs\rezervacije\onama.php on line 193
[11-Nov-2020 16:21:41 Europe/Berlin] PHP Warning:  count(): Parameter must be an array or an object that implements Countable in C:\xampp\htdocs\rezervacije\onama.php on line 193
[11-Nov-2020 16:21:43 Europe/Berlin] PHP Warning:  count(): Parameter must be an array or an object that implements Countable in C:\xampp\htdocs\rezervacije\onama.php on line 193
[11-Nov-2020 16:22:03 Europe/Berlin] PHP Warning:  count(): Parameter must be an array or an object that implements Countable in C:\xampp\htdocs\rezervacije\onama.php on line 193
[11-Nov-2020 16:22:20 Europe/Berlin] PHP Warning:  count(): Parameter must be an array or an object that implements Countable in C:\xampp\htdocs\rezervacije\onama.php on line 193
[11-Nov-2020 16:22:40 Europe/Berlin] PHP Warning:  count(): Parameter must be an array or an object that implements Countable in C:\xampp\htdocs\rezervacije\onama.php on line 193
[11-Nov-2020 16:23:03 Europe/Berlin] PHP Warning:  count(): Parameter must be an array or an object that implements Countable in C:\xampp\htdocs\rezervacije\onama.php on line 193
[11-Nov-2020 16:24:06 Europe/Berlin] PHP Warning:  count(): Parameter must be an array or an object that implements Countable in C:\xampp\htdocs\rezervacije\onama.php on line 193
[11-Nov-2020 16:24:38 Europe/Berlin] PHP Warning:  count(): Parameter must be an array or an object that implements Countable in C:\xampp\htdocs\rezervacije\onama.php on line 192
[11-Nov-2020 16:24:52 Europe/Berlin] PHP Warning:  count(): Parameter must be an array or an object that implements Countable in C:\xampp\htdocs\rezervacije\onama.php on line 192
[11-Nov-2020 16:26:58 Europe/Berlin] PHP Warning:  count(): Parameter must be an array or an object that implements Countable in C:\xampp\htdocs\rezervacije\onama.php on line 192
[11-Nov-2020 16:27:09 Europe/Berlin] PHP Warning:  count(): Parameter must be an array or an object that implements Countable in C:\xampp\htdocs\rezervacije\onama.php on line 192
[11-Nov-2020 16:27:57 Europe/Berlin] PHP Warning:  count(): Parameter must be an array or an object that implements Countable in C:\xampp\htdocs\rezervacije\onama.php on line 192
[11-Nov-2020 16:28:05 Europe/Berlin] PHP Warning:  count(): Parameter must be an array or an object that implements Countable in C:\xampp\htdocs\rezervacije\onama.php on line 192
[11-Nov-2020 16:28:14 Europe/Berlin] PHP Warning:  count(): Parameter must be an array or an object that implements Countable in C:\xampp\htdocs\rezervacije\onama.php on line 192
[11-Nov-2020 16:28:38 Europe/Berlin] PHP Warning:  count(): Parameter must be an array or an object that implements Countable in C:\xampp\htdocs\rezervacije\onama.php on line 192
[11-Nov-2020 16:28:55 Europe/Berlin] PHP Warning:  count(): Parameter must be an array or an object that implements Countable in C:\xampp\htdocs\rezervacije\onama.php on line 192
[11-Nov-2020 16:29:02 Europe/Berlin] PHP Warning:  count(): Parameter must be an array or an object that implements Countable in C:\xampp\htdocs\rezervacije\onama.php on line 192
[11-Nov-2020 16:31:11 Europe/Berlin] PHP Warning:  count(): Parameter must be an array or an object that implements Countable in C:\xampp\htdocs\rezervacije\onama.php on line 213
[11-Nov-2020 16:31:39 Europe/Berlin] PHP Warning:  count(): Parameter must be an array or an object that implements Countable in C:\xampp\htdocs\rezervacije\onama.php on line 213
[11-Nov-2020 16:31:51 Europe/Berlin] PHP Warning:  count(): Parameter must be an array or an object that implements Countable in C:\xampp\htdocs\rezervacije\onama.php on line 213
[11-Nov-2020 16:32:08 Europe/Berlin] PHP Warning:  count(): Parameter must be an array or an object that implements Countable in C:\xampp\htdocs\rezervacije\onama.php on line 213
[11-Nov-2020 16:32:26 Europe/Berlin] PHP Warning:  count(): Parameter must be an array or an object that implements Countable in C:\xampp\htdocs\rezervacije\onama.php on line 213
[11-Nov-2020 16:33:57 Europe/Berlin] PHP Warning:  count(): Parameter must be an array or an object that implements Countable in C:\xampp\htdocs\rezervacije\onama.php on line 213
[11-Nov-2020 16:34:40 Europe/Berlin] PHP Warning:  count(): Parameter must be an array or an object that implements Countable in C:\xampp\htdocs\rezervacije\onama.php on line 213
[11-Nov-2020 16:35:10 Europe/Berlin] PHP Warning:  count(): Parameter must be an array or an object that implements Countable in C:\xampp\htdocs\rezervacije\onama.php on line 213
[11-Nov-2020 16:35:50 Europe/Berlin] PHP Warning:  count(): Parameter must be an array or an object that implements Countable in C:\xampp\htdocs\rezervacije\onama.php on line 213
[11-Nov-2020 16:37:17 Europe/Berlin] PHP Warning:  count(): Parameter must be an array or an object that implements Countable in C:\xampp\htdocs\rezervacije\onama.php on line 213
[11-Nov-2020 16:37:46 Europe/Berlin] PHP Warning:  count(): Parameter must be an array or an object that implements Countable in C:\xampp\htdocs\rezervacije\onama.php on line 213
[11-Nov-2020 16:39:11 Europe/Berlin] PHP Warning:  count(): Parameter must be an array or an object that implements Countable in C:\xampp\htdocs\rezervacije\onama.php on line 213
[11-Nov-2020 16:39:53 Europe/Berlin] PHP Warning:  count(): Parameter must be an array or an object that implements Countable in C:\xampp\htdocs\rezervacije\onama.php on line 213
[11-Nov-2020 16:40:22 Europe/Berlin] PHP Warning:  count(): Parameter must be an array or an object that implements Countable in C:\xampp\htdocs\rezervacije\onama.php on line 213
[11-Nov-2020 16:40:57 Europe/Berlin] PHP Warning:  count(): Parameter must be an array or an object that implements Countable in C:\xampp\htdocs\rezervacije\onama.php on line 213
[11-Nov-2020 16:41:26 Europe/Berlin] PHP Warning:  count(): Parameter must be an array or an object that implements Countable in C:\xampp\htdocs\rezervacije\onama.php on line 213
[11-Nov-2020 16:41:53 Europe/Berlin] PHP Warning:  count(): Parameter must be an array or an object that implements Countable in C:\xampp\htdocs\rezervacije\onama.php on line 212
[11-Nov-2020 16:42:25 Europe/Berlin] PHP Warning:  count(): Parameter must be an array or an object that implements Countable in C:\xampp\htdocs\rezervacije\onama.php on line 212
[11-Nov-2020 16:42:53 Europe/Berlin] PHP Warning:  count(): Parameter must be an array or an object that implements Countable in C:\xampp\htdocs\rezervacije\onama.php on line 212
[11-Nov-2020 16:44:01 Europe/Berlin] PHP Warning:  count(): Parameter must be an array or an object that implements Countable in C:\xampp\htdocs\rezervacije\onama.php on line 212
[11-Nov-2020 16:44:24 Europe/Berlin] PHP Warning:  count(): Parameter must be an array or an object that implements Countable in C:\xampp\htdocs\rezervacije\onama.php on line 212
[11-Nov-2020 16:45:14 Europe/Berlin] PHP Warning:  count(): Parameter must be an array or an object that implements Countable in C:\xampp\htdocs\rezervacije\onama.php on line 212
[11-Nov-2020 16:45:24 Europe/Berlin] PHP Warning:  count(): Parameter must be an array or an object that implements Countable in C:\xampp\htdocs\rezervacije\onama.php on line 212
[11-Nov-2020 16:45:37 Europe/Berlin] PHP Warning:  count(): Parameter must be an array or an object that implements Countable in C:\xampp\htdocs\rezervacije\onama.php on line 212
[11-Nov-2020 16:45:53 Europe/Berlin] PHP Warning:  count(): Parameter must be an array or an object that implements Countable in C:\xampp\htdocs\rezervacije\index.php on line 56
[11-Nov-2020 16:46:33 Europe/Berlin] PHP Warning:  count(): Parameter must be an array or an object that implements Countable in C:\xampp\htdocs\rezervacije\index.php on line 56
[11-Nov-2020 16:46:35 Europe/Berlin] PHP Warning:  count(): Parameter must be an array or an object that implements Countable in C:\xampp\htdocs\rezervacije\onama.php on line 212
[11-Nov-2020 16:47:08 Europe/Berlin] PHP Warning:  count(): Parameter must be an array or an object that implements Countable in C:\xampp\htdocs\rezervacije\index.php on line 212
[11-Nov-2020 16:47:42 Europe/Berlin] PHP Warning:  count(): Parameter must be an array or an object that implements Countable in C:\xampp\htdocs\rezervacije\index.php on line 212
[11-Nov-2020 16:48:37 Europe/Berlin] PHP Warning:  count(): Parameter must be an array or an object that implements Countable in C:\xampp\htdocs\rezervacije\index.php on line 212
[11-Nov-2020 16:48:48 Europe/Berlin] PHP Warning:  count(): Parameter must be an array or an object that implements Countable in C:\xampp\htdocs\rezervacije\index.php on line 212
[11-Nov-2020 16:50:10 Europe/Berlin] PHP Warning:  count(): Parameter must be an array or an object that implements Countable in C:\xampp\htdocs\rezervacije\index.php on line 121
[11-Nov-2020 16:51:17 Europe/Berlin] PHP Warning:  count(): Parameter must be an array or an object that implements Countable in C:\xampp\htdocs\rezervacije\index.php on line 121
[11-Nov-2020 16:51:56 Europe/Berlin] PHP Warning:  count(): Parameter must be an array or an object that implements Countable in C:\xampp\htdocs\rezervacije\index.php on line 121
[11-Nov-2020 16:52:16 Europe/Berlin] PHP Warning:  count(): Parameter must be an array or an object that implements Countable in C:\xampp\htdocs\rezervacije\index.php on line 121
[11-Nov-2020 16:52:34 Europe/Berlin] PHP Warning:  count(): Parameter must be an array or an object that implements Countable in C:\xampp\htdocs\rezervacije\index.php on line 212
[11-Nov-2020 16:54:00 Europe/Berlin] PHP Warning:  count(): Parameter must be an array or an object that implements Countable in C:\xampp\htdocs\rezervacije\index.php on line 212
[11-Nov-2020 16:54:43 Europe/Berlin] PHP Warning:  count(): Parameter must be an array or an object that implements Countable in C:\xampp\htdocs\rezervacije\index.php on line 212
[11-Nov-2020 16:55:02 Europe/Berlin] PHP Warning:  count(): Parameter must be an array or an object that implements Countable in C:\xampp\htdocs\rezervacije\index.php on line 212
[11-Nov-2020 16:55:33 Europe/Berlin] PHP Warning:  count(): Parameter must be an array or an object that implements Countable in C:\xampp\htdocs\rezervacije\index.php on line 212
[11-Nov-2020 16:56:43 Europe/Berlin] PHP Warning:  count(): Parameter must be an array or an object that implements Countable in C:\xampp\htdocs\rezervacije\index.php on line 212
[11-Nov-2020 16:56:58 Europe/Berlin] PHP Warning:  count(): Parameter must be an array or an object that implements Countable in C:\xampp\htdocs\rezervacije\index.php on line 212
[11-Nov-2020 16:57:17 Europe/Berlin] PHP Warning:  count(): Parameter must be an array or an object that implements Countable in C:\xampp\htdocs\rezervacije\index.php on line 212
[11-Nov-2020 16:58:28 Europe/Berlin] PHP Warning:  count(): Parameter must be an array or an object that implements Countable in C:\xampp\htdocs\rezervacije\index.php on line 152
[11-Nov-2020 16:58:31 Europe/Berlin] PHP Warning:  count(): Parameter must be an array or an object that implements Countable in C:\xampp\htdocs\rezervacije\index.php on line 152
[11-Nov-2020 16:59:29 Europe/Berlin] PHP Warning:  count(): Parameter must be an array or an object that implements Countable in C:\xampp\htdocs\rezervacije\index.php on line 152
[11-Nov-2020 16:59:41 Europe/Berlin] PHP Warning:  count(): Parameter must be an array or an object that implements Countable in C:\xampp\htdocs\rezervacije\index.php on line 152
[11-Nov-2020 17:02:17 Europe/Berlin] PHP Warning:  count(): Parameter must be an array or an object that implements Countable in C:\xampp\htdocs\rezervacije\index.php on line 152
[11-Nov-2020 17:03:23 Europe/Berlin] PHP Warning:  count(): Parameter must be an array or an object that implements Countable in C:\xampp\htdocs\rezervacije\index.php on line 153
[11-Nov-2020 17:03:29 Europe/Berlin] PHP Warning:  count(): Parameter must be an array or an object that implements Countable in C:\xampp\htdocs\rezervacije\index.php on line 153
[11-Nov-2020 17:03:36 Europe/Berlin] PHP Warning:  count(): Parameter must be an array or an object that implements Countable in C:\xampp\htdocs\rezervacije\index.php on line 153
[11-Nov-2020 17:04:08 Europe/Berlin] PHP Warning:  count(): Parameter must be an array or an object that implements Countable in C:\xampp\htdocs\rezervacije\index.php on line 153
[11-Nov-2020 17:05:05 Europe/Berlin] PHP Warning:  count(): Parameter must be an array or an object that implements Countable in C:\xampp\htdocs\rezervacije\index.php on line 153
[11-Nov-2020 17:05:34 Europe/Berlin] PHP Warning:  count(): Parameter must be an array or an object that implements Countable in C:\xampp\htdocs\rezervacije\index.php on line 153
[11-Nov-2020 17:07:13 Europe/Berlin] PHP Warning:  count(): Parameter must be an array or an object that implements Countable in C:\xampp\htdocs\rezervacije\index.php on line 153
[11-Nov-2020 17:08:33 Europe/Berlin] PHP Warning:  count(): Parameter must be an array or an object that implements Countable in C:\xampp\htdocs\rezervacije\index.php on line 153
[11-Nov-2020 17:10:17 Europe/Berlin] PHP Warning:  count(): Parameter must be an array or an object that implements Countable in C:\xampp\htdocs\rezervacije\index.php on line 153
[11-Nov-2020 17:11:43 Europe/Berlin] PHP Warning:  count(): Parameter must be an array or an object that implements Countable in C:\xampp\htdocs\rezervacije\index.php on line 153
[11-Nov-2020 17:12:36 Europe/Berlin] PHP Warning:  count(): Parameter must be an array or an object that implements Countable in C:\xampp\htdocs\rezervacije\index.php on line 153
[11-Nov-2020 17:13:32 Europe/Berlin] PHP Warning:  count(): Parameter must be an array or an object that implements Countable in C:\xampp\htdocs\rezervacije\index.php on line 153
[11-Nov-2020 17:16:41 Europe/Berlin] PHP Warning:  count(): Parameter must be an array or an object that implements Countable in C:\xampp\htdocs\rezervacije\index.php on line 128
[11-Nov-2020 17:17:08 Europe/Berlin] PHP Warning:  count(): Parameter must be an array or an object that implements Countable in C:\xampp\htdocs\rezervacije\index.php on line 128
[11-Nov-2020 17:17:38 Europe/Berlin] PHP Warning:  count(): Parameter must be an array or an object that implements Countable in C:\xampp\htdocs\rezervacije\index.php on line 123
[11-Nov-2020 17:18:01 Europe/Berlin] PHP Warning:  count(): Parameter must be an array or an object that implements Countable in C:\xampp\htdocs\rezervacije\index.php on line 123
[11-Nov-2020 17:18:18 Europe/Berlin] PHP Warning:  count(): Parameter must be an array or an object that implements Countable in C:\xampp\htdocs\rezervacije\index.php on line 123
[11-Nov-2020 17:29:49 Europe/Berlin] PHP Warning:  count(): Parameter must be an array or an object that implements Countable in C:\xampp\htdocs\rezervacije\index.php on line 123
[11-Nov-2020 17:35:12 Europe/Berlin] PHP Notice:  Undefined variable: ime in C:\xampp\htdocs\rezervacije\userClass.php on line 29
[11-Nov-2020 17:57:40 Europe/Berlin] PHP Warning:  count(): Parameter must be an array or an object that implements Countable in C:\xampp\htdocs\rezervacije\index.php on line 123
[11-Nov-2020 17:57:43 Europe/Berlin] PHP Warning:  count(): Parameter must be an array or an object that implements Countable in C:\xampp\htdocs\rezervacije\index.php on line 123
[11-Nov-2020 17:57:55 Europe/Berlin] PHP Warning:  count(): Parameter must be an array or an object that implements Countable in C:\xampp\htdocs\rezervacije\index.php on line 123
[11-Nov-2020 18:02:58 Europe/Berlin] PHP Warning:  count(): Parameter must be an array or an object that implements Countable in C:\xampp\htdocs\rezervacije\index.php on line 123
[11-Nov-2020 18:03:00 Europe/Berlin] PHP Warning:  mysqli_fetch_assoc() expects parameter 1 to be mysqli_result, bool given in C:\xampp\htdocs\rezervacije\generisiPodatkeSearch.php on line 10
[11-Nov-2020 18:03:55 Europe/Berlin] PHP Warning:  mysqli_fetch_assoc() expects parameter 1 to be mysqli_result, bool given in C:\xampp\htdocs\rezervacije\generisiPodatkeSearch.php on line 10
[11-Nov-2020 18:04:58 Europe/Berlin] PHP Warning:  mysqli_fetch_assoc() expects parameter 1 to be mysqli_result, bool given in C:\xampp\htdocs\rezervacije\generisiPodatkeSearch.php on line 10
[11-Nov-2020 18:09:29 Europe/Berlin] PHP Warning:  count(): Parameter must be an array or an object that implements Countable in C:\xampp\htdocs\rezervacije\index.php on line 123
[11-Nov-2020 18:18:53 Europe/Berlin] PHP Warning:  mysqli_fetch_assoc() expects parameter 1 to be mysqli_result, bool given in C:\xampp\htdocs\rezervacije\generisiPodatkeSearch.php on line 10
[11-Nov-2020 18:19:02 Europe/Berlin] PHP Warning:  mysqli_fetch_assoc() expects parameter 1 to be mysqli_result, bool given in C:\xampp\htdocs\rezervacije\generisiPodatkeSearch.php on line 10
[11-Nov-2020 18:19:20 Europe/Berlin] PHP Warning:  mysqli_fetch_assoc() expects parameter 1 to be mysqli_result, bool given in C:\xampp\htdocs\rezervacije\generisiPodatkeSearch.php on line 10
[11-Nov-2020 18:19:33 Europe/Berlin] PHP Warning:  count(): Parameter must be an array or an object that implements Countable in C:\xampp\htdocs\rezervacije\index.php on line 123
[11-Nov-2020 18:19:53 Europe/Berlin] PHP Warning:  count(): Parameter must be an array or an object that implements Countable in C:\xampp\htdocs\rezervacije\index.php on line 123
[11-Nov-2020 18:20:15 Europe/Berlin] PHP Warning:  count(): Parameter must be an array or an object that implements Countable in C:\xampp\htdocs\rezervacije\index.php on line 123
[11-Nov-2020 18:24:46 Europe/Berlin] PHP Warning:  count(): Parameter must be an array or an object that implements Countable in C:\xampp\htdocs\rezervacije\index.php on line 123
[11-Nov-2020 18:24:50 Europe/Berlin] PHP Warning:  count(): Parameter must be an array or an object that implements Countable in C:\xampp\htdocs\rezervacije\index.php on line 123
[11-Nov-2020 18:25:03 Europe/Berlin] PHP Warning:  count(): Parameter must be an array or an object that implements Countable in C:\xampp\htdocs\rezervacije\index.php on line 123
[11-Nov-2020 18:31:05 Europe/Berlin] PHP Warning:  count(): Parameter must be an array or an object that implements Countable in C:\xampp\htdocs\rezervacije\index.php on line 123
[11-Nov-2020 18:32:07 Europe/Berlin] PHP Warning:  count(): Parameter must be an array or an object that implements Countable in C:\xampp\htdocs\rezervacije\index.php on line 123
[11-Nov-2020 18:46:13 Europe/Berlin] PHP Warning:  count(): Parameter must be an array or an object that implements Countable in C:\xampp\htdocs\rezervacije\index.php on line 123
[11-Nov-2020 18:48:13 Europe/Berlin] PHP Warning:  count(): Parameter must be an array or an object that implements Countable in C:\xampp\htdocs\rezervacije\index.php on line 123
[11-Nov-2020 18:50:39 Europe/Berlin] PHP Warning:  count(): Parameter must be an array or an object that implements Countable in C:\xampp\htdocs\rezervacije\index.php on line 123
[11-Nov-2020 18:51:37 Europe/Berlin] PHP Warning:  count(): Parameter must be an array or an object that implements Countable in C:\xampp\htdocs\rezervacije\index.php on line 123
[11-Nov-2020 18:55:25 Europe/Berlin] PHP Warning:  count(): Parameter must be an array or an object that implements Countable in C:\xampp\htdocs\rezervacije\index.php on line 123
[11-Nov-2020 18:56:15 Europe/Berlin] PHP Warning:  count(): Parameter must be an array or an object that implements Countable in C:\xampp\htdocs\rezervacije\index.php on line 123
[11-Nov-2020 18:57:15 Europe/Berlin] PHP Warning:  count(): Parameter must be an array or an object that implements Countable in C:\xampp\htdocs\rezervacije\index.php on line 123
[11-Nov-2020 18:58:12 Europe/Berlin] PHP Warning:  count(): Parameter must be an array or an object that implements Countable in C:\xampp\htdocs\rezervacije\index.php on line 123
[11-Nov-2020 18:59:26 Europe/Berlin] PHP Warning:  count(): Parameter must be an array or an object that implements Countable in C:\xampp\htdocs\rezervacije\index.php on line 125
[11-Nov-2020 18:59:53 Europe/Berlin] PHP Warning:  count(): Parameter must be an array or an object that implements Countable in C:\xampp\htdocs\rezervacije\index.php on line 125
[11-Nov-2020 19:01:48 Europe/Berlin] PHP Warning:  count(): Parameter must be an array or an object that implements Countable in C:\xampp\htdocs\rezervacije\index.php on line 125
[11-Nov-2020 19:02:06 Europe/Berlin] PHP Warning:  count(): Parameter must be an array or an object that implements Countable in C:\xampp\htdocs\rezervacije\index.php on line 125
[11-Nov-2020 19:02:16 Europe/Berlin] PHP Warning:  count(): Parameter must be an array or an object that implements Countable in C:\xampp\htdocs\rezervacije\index.php on line 125
[11-Nov-2020 19:02:30 Europe/Berlin] PHP Warning:  count(): Parameter must be an array or an object that implements Countable in C:\xampp\htdocs\rezervacije\index.php on line 125
[11-Nov-2020 19:02:58 Europe/Berlin] PHP Warning:  count(): Parameter must be an array or an object that implements Countable in C:\xampp\htdocs\rezervacije\index.php on line 125
[11-Nov-2020 19:03:10 Europe/Berlin] PHP Warning:  count(): Parameter must be an array or an object that implements Countable in C:\xampp\htdocs\rezervacije\index.php on line 125
[11-Nov-2020 19:05:21 Europe/Berlin] PHP Warning:  count(): Parameter must be an array or an object that implements Countable in C:\xampp\htdocs\rezervacije\index.php on line 125
[11-Nov-2020 19:06:07 Europe/Berlin] PHP Warning:  count(): Parameter must be an array or an object that implements Countable in C:\xampp\htdocs\rezervacije\index.php on line 125
[11-Nov-2020 20:49:22 Europe/Berlin] PHP Warning:  count(): Parameter must be an array or an object that implements Countable in C:\xampp\htdocs\rezervacije\index.php on line 125
[12-Nov-2020 14:53:05 Europe/Berlin] PHP Warning:  count(): Parameter must be an array or an object that implements Countable in C:\xampp\htdocs\rezervacije\index.php on line 125
[12-Nov-2020 14:53:46 Europe/Berlin] PHP Warning:  count(): Parameter must be an array or an object that implements Countable in C:\xampp\htdocs\rezervacije\index.php on line 125
[12-Nov-2020 14:54:50 Europe/Berlin] PHP Warning:  mysqli_fetch_assoc() expects parameter 1 to be mysqli_result, bool given in C:\xampp\htdocs\rezervacije\generisiPodatkeSearch.php on line 10
[12-Nov-2020 14:55:24 Europe/Berlin] PHP Warning:  mysqli_fetch_assoc() expects parameter 1 to be mysqli_result, bool given in C:\xampp\htdocs\rezervacije\generisiPodatkeSearch.php on line 10
[12-Nov-2020 14:56:16 Europe/Berlin] PHP Warning:  mysqli_fetch_assoc() expects parameter 1 to be mysqli_result, bool given in C:\xampp\htdocs\rezervacije\generisiPodatkeSearch.php on line 10
[12-Nov-2020 14:56:27 Europe/Berlin] PHP Warning:  count(): Parameter must be an array or an object that implements Countable in C:\xampp\htdocs\rezervacije\index.php on line 125
[12-Nov-2020 16:47:55 Europe/Berlin] PHP Warning:  include(letClass.php): failed to open stream: No such file or directory in C:\xampp\htdocs\rezervacije\index.php on line 119
[12-Nov-2020 16:47:55 Europe/Berlin] PHP Warning:  include(): Failed opening 'letClass.php' for inclusion (include_path='C:\xampp\php\PEAR') in C:\xampp\htdocs\rezervacije\index.php on line 119
[12-Nov-2020 16:47:55 Europe/Berlin] PHP Fatal error:  Uncaught Error: Class 'Let' not found in C:\xampp\htdocs\rezervacije\index.php:120
Stack trace:
#0 {main}
  thrown in C:\xampp\htdocs\rezervacije\index.php on line 120
[12-Nov-2020 16:48:50 Europe/Berlin] PHP Warning:  include(letClass.php): failed to open stream: No such file or directory in C:\xampp\htdocs\rezervacije\index.php on line 119
[12-Nov-2020 16:48:50 Europe/Berlin] PHP Warning:  include(): Failed opening 'letClass.php' for inclusion (include_path='C:\xampp\php\PEAR') in C:\xampp\htdocs\rezervacije\index.php on line 119
[12-Nov-2020 16:48:50 Europe/Berlin] PHP Fatal error:  Uncaught Error: Class 'Let' not found in C:\xampp\htdocs\rezervacije\index.php:120
Stack trace:
#0 {main}
  thrown in C:\xampp\htdocs\rezervacije\index.php on line 120
[12-Nov-2020 16:49:01 Europe/Berlin] PHP Warning:  count(): Parameter must be an array or an object that implements Countable in C:\xampp\htdocs\rezervacije\index.php on line 125
[12-Nov-2020 16:49:09 Europe/Berlin] PHP Warning:  count(): Parameter must be an array or an object that implements Countable in C:\xampp\htdocs\rezervacije\index.php on line 125
[12-Nov-2020 16:50:15 Europe/Berlin] PHP Warning:  Invalid argument supplied for foreach() in C:\xampp\htdocs\rezervacije\dodajlet.php on line 84
[12-Nov-2020 16:50:15 Europe/Berlin] PHP Warning:  mysqli_fetch_assoc() expects parameter 1 to be mysqli_result, bool given in C:\xampp\htdocs\rezervacije\generisiPodatkeSearch.php on line 10
[12-Nov-2020 16:50:56 Europe/Berlin] PHP Warning:  Invalid argument supplied for foreach() in C:\xampp\htdocs\rezervacije\dodajlet.php on line 84
[12-Nov-2020 16:50:56 Europe/Berlin] PHP Warning:  mysqli_fetch_assoc() expects parameter 1 to be mysqli_result, bool given in C:\xampp\htdocs\rezervacije\generisiPodatkeSearch.php on line 10
[12-Nov-2020 16:51:04 Europe/Berlin] PHP Warning:  Invalid argument supplied for foreach() in C:\xampp\htdocs\rezervacije\dodajlet.php on line 84
[12-Nov-2020 16:51:05 Europe/Berlin] PHP Warning:  mysqli_fetch_assoc() expects parameter 1 to be mysqli_result, bool given in C:\xampp\htdocs\rezervacije\generisiPodatkeSearch.php on line 10
[12-Nov-2020 16:51:23 Europe/Berlin] PHP Warning:  mysqli_fetch_assoc() expects parameter 1 to be mysqli_result, bool given in C:\xampp\htdocs\rezervacije\generisiPodatkeSearch.php on line 10
[12-Nov-2020 16:57:32 Europe/Berlin] PHP Notice:  Undefined variable: ime in C:\xampp\htdocs\rezervacije\userClass.php on line 29
[12-Nov-2020 17:01:44 Europe/Berlin] PHP Notice:  Undefined variable: ime in C:\xampp\htdocs\rezervacije\userClass.php on line 29
[12-Nov-2020 17:01:59 Europe/Berlin] PHP Notice:  Undefined variable: ime in C:\xampp\htdocs\rezervacije\userClass.php on line 29
[12-Nov-2020 17:02:11 Europe/Berlin] PHP Notice:  Undefined variable: ime in C:\xampp\htdocs\rezervacije\userClass.php on line 29
[12-Nov-2020 17:02:14 Europe/Berlin] PHP Notice:  Undefined variable: ime in C:\xampp\htdocs\rezervacije\userClass.php on line 29
[12-Nov-2020 17:02:24 Europe/Berlin] PHP Notice:  Undefined variable: ime in C:\xampp\htdocs\rezervacije\userClass.php on line 29
[12-Nov-2020 17:04:42 Europe/Berlin] PHP Notice:  Undefined index: telefon in C:\xampp\htdocs\rezervacije\register.php on line 11
[12-Nov-2020 17:04:42 Europe/Berlin] PHP Notice:  Undefined variable: ime in C:\xampp\htdocs\rezervacije\userClass.php on line 29
[12-Nov-2020 17:04:53 Europe/Berlin] PHP Notice:  Undefined variable: ime in C:\xampp\htdocs\rezervacije\userClass.php on line 29
[12-Nov-2020 17:08:17 Europe/Berlin] PHP Notice:  Undefined variable: ime in C:\xampp\htdocs\rezervacije\userClass.php on line 29
[12-Nov-2020 17:08:29 Europe/Berlin] PHP Notice:  Undefined variable: ime in C:\xampp\htdocs\rezervacije\userClass.php on line 29
[12-Nov-2020 17:10:11 Europe/Berlin] PHP Notice:  Undefined variable: ime in C:\xampp\htdocs\rezervacije\userClass.php on line 29
[12-Nov-2020 17:12:20 Europe/Berlin] PHP Notice:  Undefined variable: ime in C:\xampp\htdocs\rezervacije\userClass.php on line 29
[12-Nov-2020 17:12:27 Europe/Berlin] PHP Notice:  Undefined variable: ime in C:\xampp\htdocs\rezervacije\userClass.php on line 29
[12-Nov-2020 17:12:55 Europe/Berlin] PHP Notice:  Undefined variable: ime in C:\xampp\htdocs\rezervacije\userClass.php on line 29
[12-Nov-2020 17:13:23 Europe/Berlin] PHP Notice:  Undefined variable: ime in C:\xampp\htdocs\rezervacije\userClass.php on line 29
[12-Nov-2020 17:17:48 Europe/Berlin] PHP Notice:  Undefined variable: ime in C:\xampp\htdocs\rezervacije\userClass.php on line 29
[12-Nov-2020 17:18:01 Europe/Berlin] PHP Notice:  Undefined variable: ime in C:\xampp\htdocs\rezervacije\userClass.php on line 29
[12-Nov-2020 17:18:44 Europe/Berlin] PHP Notice:  Undefined variable: ime in C:\xampp\htdocs\rezervacije\userClass.php on line 29
[12-Nov-2020 17:20:07 Europe/Berlin] PHP Notice:  Undefined variable: ime in C:\xampp\htdocs\rezervacije\userClass.php on line 29
[12-Nov-2020 17:20:15 Europe/Berlin] PHP Notice:  Undefined variable: ime in C:\xampp\htdocs\rezervacije\userClass.php on line 29
[12-Nov-2020 17:25:42 Europe/Berlin] PHP Warning:  mysqli_fetch_assoc() expects parameter 1 to be mysqli_result, bool given in C:\xampp\htdocs\rezervacije\generisiPodatkeSearch.php on line 10
[12-Nov-2020 17:26:02 Europe/Berlin] PHP Warning:  mysqli_fetch_assoc() expects parameter 1 to be mysqli_result, bool given in C:\xampp\htdocs\rezervacije\generisiPodatkeSearch.php on line 10
[12-Nov-2020 17:28:07 Europe/Berlin] PHP Warning:  mysqli_fetch_assoc() expects parameter 1 to be mysqli_result, bool given in C:\xampp\htdocs\rezervacije\generisiPodatkeSearch.php on line 10
[12-Nov-2020 17:28:16 Europe/Berlin] PHP Warning:  mysqli_fetch_assoc() expects parameter 1 to be mysqli_result, bool given in C:\xampp\htdocs\rezervacije\generisiPodatkeSearch.php on line 10
[12-Nov-2020 17:31:13 Europe/Berlin] PHP Warning:  mysqli_fetch_assoc() expects parameter 1 to be mysqli_result, bool given in C:\xampp\htdocs\rezervacije\generisiPodatkeSearch.php on line 10
[12-Nov-2020 17:31:23 Europe/Berlin] PHP Warning:  mysqli_fetch_assoc() expects parameter 1 to be mysqli_result, bool given in C:\xampp\htdocs\rezervacije\generisiPodatkeSearch.php on line 10
[12-Nov-2020 17:35:59 Europe/Berlin] PHP Warning:  mysqli_fetch_assoc() expects parameter 1 to be mysqli_result, bool given in C:\xampp\htdocs\rezervacije\generisiPodatkeSearch.php on line 10
[12-Nov-2020 17:36:09 Europe/Berlin] PHP Warning:  mysqli_fetch_assoc() expects parameter 1 to be mysqli_result, bool given in C:\xampp\htdocs\rezervacije\generisiPodatkeSearch.php on line 10
[12-Nov-2020 17:38:13 Europe/Berlin] PHP Warning:  mysqli_fetch_assoc() expects parameter 1 to be mysqli_result, bool given in C:\xampp\htdocs\rezervacije\generisiPodatkeSearch.php on line 10
[12-Nov-2020 17:38:41 Europe/Berlin] PHP Warning:  mysqli_fetch_assoc() expects parameter 1 to be mysqli_result, bool given in C:\xampp\htdocs\rezervacije\generisiPodatkeSearch.php on line 10
[12-Nov-2020 17:39:08 Europe/Berlin] PHP Warning:  mysqli_fetch_assoc() expects parameter 1 to be mysqli_result, bool given in C:\xampp\htdocs\rezervacije\generisiPodatkeSearch.php on line 10
[12-Nov-2020 17:39:34 Europe/Berlin] PHP Warning:  mysqli_fetch_assoc() expects parameter 1 to be mysqli_result, bool given in C:\xampp\htdocs\rezervacije\generisiPodatkeSearch.php on line 10
[12-Nov-2020 17:41:06 Europe/Berlin] PHP Warning:  mysqli_fetch_assoc() expects parameter 1 to be mysqli_result, bool given in C:\xampp\htdocs\rezervacije\generisiPodatkeSearch.php on line 10
[12-Nov-2020 17:41:41 Europe/Berlin] PHP Warning:  mysqli_fetch_assoc() expects parameter 1 to be mysqli_result, bool given in C:\xampp\htdocs\rezervacije\generisiPodatkeSearch.php on line 10
[12-Nov-2020 17:52:57 Europe/Berlin] PHP Notice:  Undefined index: let in C:\xampp\htdocs\rezervacije\rezervisi.php on line 12
[12-Nov-2020 17:52:57 Europe/Berlin] PHP Notice:  Undefined index: brojSedista in C:\xampp\htdocs\rezervacije\rezervisi.php on line 12
[12-Nov-2020 17:52:57 Europe/Berlin] PHP Notice:  Undefined variable: brSedista in C:\xampp\htdocs\rezervacije\letClass.php on line 64
[12-Nov-2020 17:52:57 Europe/Berlin] PHP Notice:  Undefined variable: brSedista in C:\xampp\htdocs\rezervacije\letClass.php on line 64
[12-Nov-2020 17:53:10 Europe/Berlin] PHP Notice:  Undefined variable: brSedista in C:\xampp\htdocs\rezervacije\letClass.php on line 64
[12-Nov-2020 17:53:10 Europe/Berlin] PHP Notice:  Undefined variable: brSedista in C:\xampp\htdocs\rezervacije\letClass.php on line 64
[12-Nov-2020 18:16:16 Europe/Berlin] PHP Notice:  Undefined variable: brSedista in C:\xampp\htdocs\rezervacije\letClass.php on line 64
[12-Nov-2020 18:16:16 Europe/Berlin] PHP Notice:  Undefined variable: brSedista in C:\xampp\htdocs\rezervacije\letClass.php on line 64
[12-Nov-2020 18:36:22 Europe/Berlin] PHP Notice:  Undefined variable: brSedista in C:\xampp\htdocs\rezervacije\letClass.php on line 64
[12-Nov-2020 18:36:22 Europe/Berlin] PHP Notice:  Undefined variable: brSedista in C:\xampp\htdocs\rezervacije\letClass.php on line 64
[12-Nov-2020 19:03:34 Europe/Berlin] PHP Notice:  Undefined variable: brSedista in C:\xampp\htdocs\rezervacije\letClass.php on line 64
[12-Nov-2020 19:03:34 Europe/Berlin] PHP Notice:  Undefined variable: brSedista in C:\xampp\htdocs\rezervacije\letClass.php on line 64
[12-Nov-2020 19:05:23 Europe/Berlin] PHP Notice:  Undefined variable: brSedista in C:\xampp\htdocs\rezervacije\letClass.php on line 64
[12-Nov-2020 19:05:23 Europe/Berlin] PHP Notice:  Undefined variable: brSedista in C:\xampp\htdocs\rezervacije\letClass.php on line 64
[12-Nov-2020 19:06:35 Europe/Berlin] PHP Notice:  Undefined variable: brSedista in C:\xampp\htdocs\rezervacije\letClass.php on line 64
[12-Nov-2020 19:06:35 Europe/Berlin] PHP Notice:  Undefined variable: brSedista in C:\xampp\htdocs\rezervacije\letClass.php on line 64
[12-Nov-2020 19:10:05 Europe/Berlin] PHP Notice:  Undefined variable: brSedista in C:\xampp\htdocs\rezervacije\letClass.php on line 64
[12-Nov-2020 19:10:05 Europe/Berlin] PHP Notice:  Undefined variable: brSedista in C:\xampp\htdocs\rezervacije\letClass.php on line 64
[12-Nov-2020 20:02:50 Europe/Berlin] PHP Notice:  Undefined variable: brSedista in C:\xampp\htdocs\rezervacije\letClass.php on line 64
[12-Nov-2020 20:02:50 Europe/Berlin] PHP Notice:  Undefined variable: brSedista in C:\xampp\htdocs\rezervacije\letClass.php on line 64
[12-Nov-2020 20:03:02 Europe/Berlin] PHP Warning:  mysqli_fetch_assoc() expects parameter 1 to be mysqli_result, bool given in C:\xampp\htdocs\rezervacije\generisiPodatkeSearch.php on line 10
[12-Nov-2020 20:03:26 Europe/Berlin] PHP Warning:  mysqli_fetch_assoc() expects parameter 1 to be mysqli_result, bool given in C:\xampp\htdocs\rezervacije\generisiPodatkeSearch.php on line 10
[12-Nov-2020 20:03:41 Europe/Berlin] PHP Notice:  Undefined variable: brSedista in C:\xampp\htdocs\rezervacije\letClass.php on line 64
[12-Nov-2020 20:03:41 Europe/Berlin] PHP Notice:  Undefined variable: brSedista in C:\xampp\htdocs\rezervacije\letClass.php on line 64
[12-Nov-2020 20:03:50 Europe/Berlin] PHP Warning:  mysqli_fetch_assoc() expects parameter 1 to be mysqli_result, bool given in C:\xampp\htdocs\rezervacije\generisiPodatkeSearch.php on line 10
[12-Nov-2020 20:04:04 Europe/Berlin] PHP Warning:  mysqli_fetch_assoc() expects parameter 1 to be mysqli_result, bool given in C:\xampp\htdocs\rezervacije\generisiPodatkeSearch.php on line 10
